e:\dev\cesium-native\build\wrapercesium\x64\release\vc141.pdb
e:\dev\cesium-native\build\wrapercesium\x64\release\animation.obj
e:\dev\cesium-native\build\wrapercesium\x64\release\wrapercesium.pch
e:\dev\cesium-native\build\wrapercesium\x64\release\pch.obj
e:\dev\cesium-native\build\wrapercesium\x64\release\vcgsimple.obj
e:\dev\cesium-native\build\wrapercesium\x64\release\simple.obj
e:\dev\cesium-native\build\wrapercesium\x64\release\mesh_model.obj
e:\dev\cesium-native\build\wrapercesium\x64\release\cmesh.obj
e:\dev\cesium-native\build\wrapercesium\x64\release\write.obj
e:\dev\cesium-native\build\wrapercesium\x64\release\wasistubs.obj
e:\dev\cesium-native\build\wrapercesium\x64\release\stream.obj
e:\dev\cesium-native\build\wrapercesium\x64\release\parseobj.obj
e:\dev\cesium-native\build\wrapercesium\x64\release\parselib.obj
e:\dev\cesium-native\build\wrapercesium\x64\release\parsegltf.obj
e:\dev\cesium-native\build\wrapercesium\x64\release\node.obj
e:\dev\cesium-native\build\wrapercesium\x64\release\mesh.obj
e:\dev\cesium-native\build\wrapercesium\x64\release\material.obj
e:\dev\cesium-native\build\wrapercesium\x64\release\json.obj
e:\dev\cesium-native\build\wrapercesium\x64\release\image.obj
e:\dev\cesium-native\build\wrapercesium\x64\release\gltfpack.obj
e:\dev\cesium-native\build\wrapercesium\x64\release\fileio.obj
e:\dev\cesium-native\build\wrapercesium\x64\release\basislib.obj
e:\dev\cesium-native\build\wrapercesium\x64\release\basisenc.obj
e:\dev\cesium-native\build\wrapercesium\x64\release\wrapercesium.obj
e:\dev\cesium-native\build\wrapercesium\x64\release\dllmain.obj
e:\dev\cesium-native\build\x64\release\wrapercesium.lib
e:\dev\cesium-native\build\x64\release\wrapercesium.exp
e:\dev\osgearth-master\build\release\bin\wrapercesium.lib
e:\dev\osgearth-master\build\release\bin\wrapercesium.exp
e:\dev\cesium-native\build\x64\release\wrapercesium.pdb
e:\dev\cesium-native\build\wrapercesium\x64\release\wrapercesium.tlog\cl.command.1.tlog
e:\dev\cesium-native\build\wrapercesium\x64\release\wrapercesium.tlog\cl.read.1.tlog
e:\dev\cesium-native\build\wrapercesium\x64\release\wrapercesium.tlog\cl.write.1.tlog
e:\dev\cesium-native\build\wrapercesium\x64\release\wrapercesium.tlog\link.command.1.tlog
e:\dev\cesium-native\build\wrapercesium\x64\release\wrapercesium.tlog\link.delete.1.tlog
e:\dev\cesium-native\build\wrapercesium\x64\release\wrapercesium.tlog\link.read.1.tlog
e:\dev\cesium-native\build\wrapercesium\x64\release\wrapercesium.tlog\link.write.1.tlog
e:\dev\cesium-native\build\wrapercesium\x64\release\wrapercesium.tlog\wrapercesium.write.1u.tlog
