  pch.cpp
  animation.cpp
e:\dev\cesium-native\extern\meshoptimizer\gltf\animation.cpp(337): fatal error C1010: 在查找预编译头时遇到意外的文件结尾。是否忘记了向源中添加“#include "pch.h"”?
  basisenc.cpp
e:\dev\cesium-native\extern\meshoptimizer\gltf\basisenc.cpp(181): fatal error C1010: 在查找预编译头时遇到意外的文件结尾。是否忘记了向源中添加“#include "pch.h"”?
  basislib.cpp
e:\dev\cesium-native\extern\meshoptimizer\gltf\basislib.cpp(71): fatal error C1010: 在查找预编译头时遇到意外的文件结尾。是否忘记了向源中添加“#include "pch.h"”?
  fileio.cpp
e:\dev\cesium-native\extern\meshoptimizer\gltf\fileio.cpp(116): fatal error C1010: 在查找预编译头时遇到意外的文件结尾。是否忘记了向源中添加“#include "pch.h"”?
  gltfpack.cpp
e:\dev\cesium-native\extern\meshoptimizer\gltf\gltfpack.cpp(1836): fatal error C1010: 在查找预编译头时遇到意外的文件结尾。是否忘记了向源中添加“#include "pch.h"”?
  image.cpp
e:\dev\cesium-native\extern\meshoptimizer\gltf\image.cpp(372): fatal error C1010: 在查找预编译头时遇到意外的文件结尾。是否忘记了向源中添加“#include "pch.h"”?
  json.cpp
e:\dev\cesium-native\extern\meshoptimizer\gltf\json.cpp(75): fatal error C1010: 在查找预编译头时遇到意外的文件结尾。是否忘记了向源中添加“#include "pch.h"”?
  material.cpp
e:\dev\cesium-native\extern\meshoptimizer\gltf\material.cpp(625): fatal error C1010: 在查找预编译头时遇到意外的文件结尾。是否忘记了向源中添加“#include "pch.h"”?
  mesh.cpp
e:\dev\cesium-native\extern\meshoptimizer\gltf\mesh.cpp(952): fatal error C1010: 在查找预编译头时遇到意外的文件结尾。是否忘记了向源中添加“#include "pch.h"”?
  node.cpp
e:\dev\cesium-native\extern\meshoptimizer\gltf\node.cpp(207): fatal error C1010: 在查找预编译头时遇到意外的文件结尾。是否忘记了向源中添加“#include "pch.h"”?
  parsegltf.cpp
e:\dev\cesium-native\extern\meshoptimizer\gltf\parsegltf.cpp(1): warning C4819: 该文件包含不能在当前代码页(936)中表示的字符。请将该文件保存为 Unicode 格式以防止数据丢失
e:\dev\cesium-native\extern\meshoptimizer\gltf\parsegltf.cpp(669): fatal error C1010: 在查找预编译头时遇到意外的文件结尾。是否忘记了向源中添加“#include "pch.h"”?
  parselib.cpp
e:\dev\cesium-native\extern\meshoptimizer\gltf\parselib.cpp(10): fatal error C1010: 在查找预编译头时遇到意外的文件结尾。是否忘记了向源中添加“#include "pch.h"”?
  parseobj.cpp
e:\dev\cesium-native\extern\meshoptimizer\gltf\parseobj.cpp(310): fatal error C1010: 在查找预编译头时遇到意外的文件结尾。是否忘记了向源中添加“#include "pch.h"”?
  stream.cpp
e:\dev\cesium-native\extern\meshoptimizer\gltf\stream.cpp(978): fatal error C1010: 在查找预编译头时遇到意外的文件结尾。是否忘记了向源中添加“#include "pch.h"”?
  wasistubs.cpp
e:\dev\cesium-native\extern\meshoptimizer\gltf\wasistubs.cpp(46): fatal error C1010: 在查找预编译头时遇到意外的文件结尾。是否忘记了向源中添加“#include "pch.h"”?
  write.cpp
e:\dev\cesium-native\extern\meshoptimizer\gltf\write.cpp(1695): fatal error C1010: 在查找预编译头时遇到意外的文件结尾。是否忘记了向源中添加“#include "pch.h"”?
  dllmain.cpp
  cmesh.cpp
e:\dev\cesium-native\build\wrapercesium\simple\cmesh.cpp(121): fatal error C1010: 在查找预编译头时遇到意外的文件结尾。是否忘记了向源中添加“#include "pch.h"”?
  mesh_model.cpp
e:\dev\cesium-native\build\wrapercesium\simple\mesh_model.cpp(272): fatal error C1010: 在查找预编译头时遇到意外的文件结尾。是否忘记了向源中添加“#include "pch.h"”?
  simple.cpp
e:\dev\cesium-native\build\wrapercesium\simple\simple.cpp(701): fatal error C1010: 在查找预编译头时遇到意外的文件结尾。是否忘记了向源中添加“#include "pch.h"”?
  正在生成代码...
  正在编译...
  vcgSimple.cpp
e:\dev\cesium-native\build\wrapercesium\simple\vcgsimple.cpp(230): fatal error C1010: 在查找预编译头时遇到意外的文件结尾。是否忘记了向源中添加“#include "pch.h"”?
  wraperCesium.cpp
e:\dev\cesium-native\build\wrapercesium\wrapercesium.h(3): fatal error C1083: 无法打开包括文件: “osg/Vec3”: No such file or directory
  正在生成代码...
